<?xml version="1.0" encoding="UTF-8"?>
<robot generator="Robot 3.2.1 (Python 3.7.3 on win32)" generated="20200607 15:43:04.897" rpa="false">
<suite id="s1" name="Login Test" source="C:\Users\favorito\Desktop\RobotFramework\Post_Diagnostic\tests\login_test.robot">
<test id="s1-t1" name="Login with Valid Credentials Check Invoice Page">
<kw name="Open Browser" library="SeleniumLibrary">
<doc>Opens a new browser instance to the optional ``url``.</doc>
<arguments>
<arg>about:blank</arg>
<arg>chrome</arg>
</arguments>
<msg timestamp="20200607 15:43:05.251" level="INFO">Opening browser 'chrome' to base url 'about:blank'.</msg>
<status status="PASS" starttime="20200607 15:43:05.251" endtime="20200607 15:43:07.581"></status>
</kw>
<kw name="Go To" library="SeleniumLibrary">
<doc>Navigates the current browser window to the provided ``url``.</doc>
<arguments>
<arg>https://www.phptravels.net/admin</arg>
</arguments>
<msg timestamp="20200607 15:43:07.581" level="INFO">Opening url 'https://www.phptravels.net/admin'</msg>
<status status="PASS" starttime="20200607 15:43:07.581" endtime="20200607 15:43:10.782"></status>
</kw>
<kw name="Wait Until Page Contains" library="SeleniumLibrary">
<doc>Waits until ``text`` appears on the current page.</doc>
<arguments>
<arg>Login Panel</arg>
</arguments>
<status status="PASS" starttime="20200607 15:43:10.783" endtime="20200607 15:43:10.810"></status>
</kw>
<kw name="Input Text" library="SeleniumLibrary">
<doc>Types the given ``text`` into the text field identified by ``locator``.</doc>
<arguments>
<arg>name=email</arg>
<arg>admin@phptravels.com</arg>
</arguments>
<msg timestamp="20200607 15:43:10.811" level="INFO">Typing text 'admin@phptravels.com' into text field 'name=email'.</msg>
<status status="PASS" starttime="20200607 15:43:10.811" endtime="20200607 15:43:10.967"></status>
</kw>
<kw name="Input Password" library="SeleniumLibrary">
<doc>Types the given password into the text field identified by ``locator``.</doc>
<arguments>
<arg>name=password</arg>
<arg>demoadmin</arg>
</arguments>
<msg timestamp="20200607 15:43:10.968" level="INFO">Typing password into text field 'name=password'.</msg>
<msg timestamp="20200607 15:43:11.018" level="INFO">Temporally setting log level to: NONE</msg>
<msg timestamp="20200607 15:43:11.094" level="INFO">Log level changed from NONE to INFO.</msg>
<status status="PASS" starttime="20200607 15:43:10.968" endtime="20200607 15:43:11.094"></status>
</kw>
<kw name="Click Button" library="SeleniumLibrary">
<doc>Clicks the button identified by ``locator``.</doc>
<arguments>
<arg>css=button</arg>
</arguments>
<msg timestamp="20200607 15:43:11.095" level="INFO">Clicking button 'css=button'.</msg>
<status status="PASS" starttime="20200607 15:43:11.094" endtime="20200607 15:43:11.211"></status>
</kw>
<kw name="Wait Until Page Contains" library="SeleniumLibrary">
<doc>Waits until ``text`` appears on the current page.</doc>
<arguments>
<arg>DASHBOARD</arg>
</arguments>
<status status="PASS" starttime="20200607 15:43:11.212" endtime="20200607 15:43:14.595"></status>
</kw>
<kw name="Click Button" library="SeleniumLibrary">
<doc>Clicks the button identified by ``locator``.</doc>
<arguments>
<arg>xpath=//*[@id="content"]/div[2]/div[2]/div/div/div[2]/form/button</arg>
</arguments>
<msg timestamp="20200607 15:43:14.596" level="INFO">Clicking button 'xpath=//*[@id="content"]/div[2]/div[2]/div/div/div[2]/form/button'.</msg>
<status status="PASS" starttime="20200607 15:43:14.596" endtime="20200607 15:43:16.155"></status>
</kw>
<kw name="Wait Until Page Contains" library="SeleniumLibrary">
<doc>Waits until ``text`` appears on the current page.</doc>
<arguments>
<arg>0923</arg>
</arguments>
<status status="PASS" starttime="20200607 15:43:16.155" endtime="20200607 15:43:16.168"></status>
</kw>
<kw name="Click Element" library="SeleniumLibrary">
<doc>Click the element identified by ``locator``.</doc>
<arguments>
<arg>id=logout</arg>
</arguments>
<msg timestamp="20200607 15:43:16.170" level="INFO">Clicking element 'id=logout'.</msg>
<status status="PASS" starttime="20200607 15:43:16.169" endtime="20200607 15:43:18.393"></status>
</kw>
<kw name="Close Browser" library="SeleniumLibrary">
<doc>Closes the current browser.</doc>
<status status="PASS" starttime="20200607 15:43:18.394" endtime="20200607 15:43:20.642"></status>
</kw>
<tags>
<tag>TC3</tag>
</tags>
<status status="PASS" starttime="20200607 15:43:05.250" endtime="20200607 15:43:20.643" critical="yes"></status>
</test>
<status status="PASS" starttime="20200607 15:43:04.900" endtime="20200607 15:43:20.645"></status>
</suite>
<statistics>
<total>
<stat pass="1" fail="0">Critical Tests</stat>
<stat pass="1" fail="0">All Tests</stat>
</total>
<tag>
<stat pass="1" fail="0">TC3</stat>
</tag>
<suite>
<stat pass="1" fail="0" id="s1" name="Login Test">Login Test</stat>
</suite>
</statistics>
<errors>
</errors>
</robot>
